2020-12-09 19:58:51,906 INFO ru.bellintegrator.practice.PracticeApplication [main] Starting PracticeApplication on DESKTOP-LP5B6C7 with PID 316 (D:\myjavarepository\study\bellintcourse\work\practice\target\classes started by home in D:\myjavarepository\study\bellintcourse\work\practice)
2020-12-09 19:58:51,909 INFO ru.bellintegrator.practice.PracticeApplication [main] No active profile set, falling back to default profiles: default
2020-12-09 19:58:54,629 INFO org.eclipse.jetty.util.log [main] Logging initialized @5164ms to org.eclipse.jetty.util.log.Slf4jLog
2020-12-09 19:58:54,912 INFO org.eclipse.jetty.server.Server [main] jetty-9.4.12.v20180830; built: 2018-08-30T13:59:14.071Z; git: 27208684755d94a92186989f695db2d7b21ebc51; jvm 10.0.2+13
2020-12-09 19:58:55,155 INFO org.eclipse.jetty.server.session [main] DefaultSessionIdManager workerName=node0
2020-12-09 19:58:55,156 INFO org.eclipse.jetty.server.session [main] No SessionScavenger set, using defaults
2020-12-09 19:58:55,156 INFO org.eclipse.jetty.server.session [main] node0 Scavenging every 660000ms
2020-12-09 19:58:55,175 INFO org.eclipse.jetty.server.handler.ContextHandler.application [main] Initializing Spring embedded WebApplicationContext
2020-12-09 19:58:55,234 INFO org.eclipse.jetty.server.handler.ContextHandler [main] Started o.s.b.w.e.j.JettyEmbeddedWebAppContext@5a622fe8{application,/,[file:///C:/Users/home/AppData/Local/Temp/jetty-docbase.10237242467461175077.8888/, jar:file:/C:/Users/home/.m2/repository/io/springfox/springfox-swagger-ui/2.9.2/springfox-swagger-ui-2.9.2.jar!/META-INF/resources],AVAILABLE}
2020-12-09 19:58:55,235 INFO org.eclipse.jetty.server.Server [main] Started @5771ms
2020-12-09 19:58:55,301 INFO com.zaxxer.hikari.HikariDataSource [main] HikariPool-1 - Starting...
2020-12-09 19:58:55,404 INFO com.zaxxer.hikari.HikariDataSource [main] HikariPool-1 - Start completed.
2020-12-09 19:58:55,832 INFO org.hibernate.jpa.internal.util.LogHelper [main] HHH000204: Processing PersistenceUnitInfo [
	name: default
	...]
2020-12-09 19:58:56,154 INFO org.hibernate.Version [main] HHH000412: Hibernate Core {5.2.17.Final}
2020-12-09 19:58:56,155 INFO org.hibernate.cfg.Environment [main] HHH000206: hibernate.properties not found
2020-12-09 19:58:56,281 INFO org.hibernate.annotations.common.Version [main] HCANN000001: Hibernate Commons Annotations {5.0.1.Final}
2020-12-09 19:58:56,470 INFO org.hibernate.dialect.Dialect [main] HHH000400: Using dialect: org.hibernate.dialect.H2Dialect
2020-12-09 19:58:58,740 INFO springfox.documentation.spring.web.PropertySourcedRequestMappingHandlerMapping [main] Mapped URL path [/v2/api-docs] onto method [public org.springframework.http.ResponseEntity<springfox.documentation.spring.web.json.Json> springfox.documentation.swagger2.web.Swagger2Controller.getDocumentation(java.lang.String,javax.servlet.http.HttpServletRequest)]
2020-12-09 19:58:59,515 INFO springfox.documentation.spring.web.plugins.DocumentationPluginsBootstrapper [main] Context refreshed
2020-12-09 19:58:59,596 INFO springfox.documentation.spring.web.plugins.DocumentationPluginsBootstrapper [main] Found 1 custom documentation plugin(s)
2020-12-09 19:58:59,661 INFO springfox.documentation.spring.web.scanners.ApiListingReferenceScanner [main] Scanning for api listing references
2020-12-09 19:58:59,943 INFO org.eclipse.jetty.server.handler.ContextHandler.application [main] Initializing Spring FrameworkServlet 'dispatcherServlet'
2020-12-09 19:58:59,994 INFO org.eclipse.jetty.server.AbstractConnector [main] Started ServerConnector@542754be{HTTP/1.1,[http/1.1]}{0.0.0.0:8888}
2020-12-09 19:59:00,016 INFO ru.bellintegrator.practice.PracticeApplication [main] Started PracticeApplication in 8.66 seconds (JVM running for 10.55)
2020-12-09 20:01:48,882 INFO ru.bellintegrator.practice.PracticeApplication [main] Starting PracticeApplication on DESKTOP-LP5B6C7 with PID 17680 (D:\myjavarepository\study\bellintcourse\work\practice\target\classes started by home in D:\myjavarepository\study\bellintcourse\work\practice)
2020-12-09 20:01:48,885 INFO ru.bellintegrator.practice.PracticeApplication [main] No active profile set, falling back to default profiles: default
2020-12-09 20:01:50,619 INFO org.eclipse.jetty.util.log [main] Logging initialized @13277ms to org.eclipse.jetty.util.log.Slf4jLog
2020-12-09 20:01:51,383 INFO org.eclipse.jetty.server.Server [main] jetty-9.4.12.v20180830; built: 2018-08-30T13:59:14.071Z; git: 27208684755d94a92186989f695db2d7b21ebc51; jvm 10.0.2+13
2020-12-09 20:01:51,637 INFO org.eclipse.jetty.server.session [main] DefaultSessionIdManager workerName=node0
2020-12-09 20:01:51,639 INFO org.eclipse.jetty.server.session [main] No SessionScavenger set, using defaults
2020-12-09 20:01:51,643 INFO org.eclipse.jetty.server.session [main] node0 Scavenging every 600000ms
2020-12-09 20:01:51,657 INFO org.eclipse.jetty.server.handler.ContextHandler.application [main] Initializing Spring embedded WebApplicationContext
2020-12-09 20:01:51,732 INFO org.eclipse.jetty.server.handler.ContextHandler [main] Started o.s.b.w.e.j.JettyEmbeddedWebAppContext@44178ad2{application,/,[file:///C:/Users/home/AppData/Local/Temp/jetty-docbase.10174557245882371447.8888/, jar:file:/C:/Users/home/.m2/repository/io/springfox/springfox-swagger-ui/2.9.2/springfox-swagger-ui-2.9.2.jar!/META-INF/resources],AVAILABLE}
2020-12-09 20:01:51,733 INFO org.eclipse.jetty.server.Server [main] Started @14394ms
2020-12-09 20:01:51,800 INFO com.zaxxer.hikari.HikariDataSource [main] HikariPool-1 - Starting...
2020-12-09 20:01:52,006 INFO com.zaxxer.hikari.HikariDataSource [main] HikariPool-1 - Start completed.
2020-12-09 20:01:52,239 INFO org.hibernate.jpa.internal.util.LogHelper [main] HHH000204: Processing PersistenceUnitInfo [
	name: default
	...]
2020-12-09 20:01:52,331 INFO org.hibernate.Version [main] HHH000412: Hibernate Core {5.2.17.Final}
2020-12-09 20:01:52,333 INFO org.hibernate.cfg.Environment [main] HHH000206: hibernate.properties not found
2020-12-09 20:01:52,352 INFO com.zaxxer.hikari.HikariDataSource [main] HikariPool-1 - Shutdown initiated...
2020-12-09 20:01:52,358 INFO com.zaxxer.hikari.HikariDataSource [main] HikariPool-1 - Shutdown completed.
2020-12-09 20:01:52,361 INFO org.eclipse.jetty.server.session [main] node0 Stopped scavenging
2020-12-09 20:01:52,363 INFO org.eclipse.jetty.server.handler.ContextHandler [main] Stopped o.s.b.w.e.j.JettyEmbeddedWebAppContext@44178ad2{application,/,[file:///C:/Users/home/AppData/Local/Temp/jetty-docbase.10174557245882371447.8888/, jar:file:/C:/Users/home/.m2/repository/io/springfox/springfox-swagger-ui/2.9.2/springfox-swagger-ui-2.9.2.jar!/META-INF/resources],UNAVAILABLE}
2020-12-09 20:01:52,377 ERROR org.springframework.boot.SpringApplication [main] Application run failed
org.springframework.beans.factory.BeanCreationException: Error creating bean with name 'entityManagerFactory' defined in class path resource [org/springframework/boot/autoconfigure/orm/jpa/HibernateJpaConfiguration.class]: Invocation of init method failed; nested exception is java.lang.NoClassDefFoundError: javax/xml/bind/JAXBException
	at org.springframework.beans.factory.support.AbstractAutowireCapableBeanFactory.initializeBean(AbstractAutowireCapableBeanFactory.java:1694)
	at org.springframework.beans.factory.support.AbstractAutowireCapableBeanFactory.doCreateBean(AbstractAutowireCapableBeanFactory.java:573)
	at org.springframework.beans.factory.support.AbstractAutowireCapableBeanFactory.createBean(AbstractAutowireCapableBeanFactory.java:495)
	at org.springframework.beans.factory.support.AbstractBeanFactory.lambda$doGetBean$0(AbstractBeanFactory.java:317)
	at org.springframework.beans.factory.support.DefaultSingletonBeanRegistry.getSingleton(DefaultSingletonBeanRegistry.java:222)
	at org.springframework.beans.factory.support.AbstractBeanFactory.doGetBean(AbstractBeanFactory.java:315)
	at org.springframework.beans.factory.support.AbstractBeanFactory.getBean(AbstractBeanFactory.java:199)
	at org.springframework.context.support.AbstractApplicationContext.getBean(AbstractApplicationContext.java:1087)
	at org.springframework.context.support.AbstractApplicationContext.finishBeanFactoryInitialization(AbstractApplicationContext.java:857)
	at org.springframework.context.support.AbstractApplicationContext.refresh(AbstractApplicationContext.java:548)
	at org.springframework.boot.web.servlet.context.ServletWebServerApplicationContext.refresh(ServletWebServerApplicationContext.java:140)
	at org.springframework.boot.SpringApplication.refresh(SpringApplication.java:754)
	at org.springframework.boot.SpringApplication.refreshContext(SpringApplication.java:386)
	at org.springframework.boot.SpringApplication.run(SpringApplication.java:307)
	at org.springframework.boot.SpringApplication.run(SpringApplication.java:1242)
	at org.springframework.boot.SpringApplication.run(SpringApplication.java:1230)
	at ru.bellintegrator.practice.PracticeApplication.main(PracticeApplication.java:24)
	at java.base/jdk.internal.reflect.NativeMethodAccessorImpl.invoke0(Native Method)
	at java.base/jdk.internal.reflect.NativeMethodAccessorImpl.invoke(NativeMethodAccessorImpl.java:62)
	at java.base/jdk.internal.reflect.DelegatingMethodAccessorImpl.invoke(DelegatingMethodAccessorImpl.java:43)
	at java.base/java.lang.reflect.Method.invoke(Method.java:564)
	at org.springframework.boot.maven.AbstractRunMojo$LaunchRunner.run(AbstractRunMojo.java:497)
	at java.base/java.lang.Thread.run(Thread.java:844)
Caused by: java.lang.NoClassDefFoundError: javax/xml/bind/JAXBException
	at org.hibernate.boot.spi.XmlMappingBinderAccess.<init>(XmlMappingBinderAccess.java:43)
	at org.hibernate.boot.MetadataSources.<init>(MetadataSources.java:87)
	at org.hibernate.jpa.boot.internal.EntityManagerFactoryBuilderImpl.<init>(EntityManagerFactoryBuilderImpl.java:209)
	at org.hibernate.jpa.boot.internal.EntityManagerFactoryBuilderImpl.<init>(EntityManagerFactoryBuilderImpl.java:164)
	at org.springframework.orm.jpa.vendor.SpringHibernateJpaPersistenceProvider.createContainerEntityManagerFactory(SpringHibernateJpaPersistenceProvider.java:51)
	at org.springframework.orm.jpa.LocalContainerEntityManagerFactoryBean.createNativeEntityManagerFactory(LocalContainerEntityManagerFactoryBean.java:365)
	at org.springframework.orm.jpa.AbstractEntityManagerFactoryBean.buildNativeEntityManagerFactory(AbstractEntityManagerFactoryBean.java:390)
	at org.springframework.orm.jpa.AbstractEntityManagerFactoryBean.afterPropertiesSet(AbstractEntityManagerFactoryBean.java:377)
	at org.springframework.orm.jpa.LocalContainerEntityManagerFactoryBean.afterPropertiesSet(LocalContainerEntityManagerFactoryBean.java:341)
	at org.springframework.beans.factory.support.AbstractAutowireCapableBeanFactory.invokeInitMethods(AbstractAutowireCapableBeanFactory.java:1753)
	at org.springframework.beans.factory.support.AbstractAutowireCapableBeanFactory.initializeBean(AbstractAutowireCapableBeanFactory.java:1690)
	... 22 common frames omitted
Caused by: java.lang.ClassNotFoundException: javax.xml.bind.JAXBException
	at java.base/java.net.URLClassLoader.findClass(URLClassLoader.java:466)
	at java.base/java.lang.ClassLoader.loadClass(ClassLoader.java:566)
	at java.base/java.lang.ClassLoader.loadClass(ClassLoader.java:499)
	... 33 common frames omitted
2020-12-09 20:03:02,443 INFO ru.bellintegrator.practice.PracticeApplication [main] Starting PracticeApplication on DESKTOP-LP5B6C7 with PID 16116 (D:\myjavarepository\study\bellintcourse\work\practice\target\classes started by home in D:\myjavarepository\study\bellintcourse\work\practice)
2020-12-09 20:03:02,445 INFO ru.bellintegrator.practice.PracticeApplication [main] No active profile set, falling back to default profiles: default
2020-12-09 20:03:04,094 INFO org.eclipse.jetty.util.log [main] Logging initialized @3272ms to org.eclipse.jetty.util.log.Slf4jLog
2020-12-09 20:03:04,176 INFO org.eclipse.jetty.server.Server [main] jetty-9.4.12.v20180830; built: 2018-08-30T13:59:14.071Z; git: 27208684755d94a92186989f695db2d7b21ebc51; jvm 10.0.2+13
2020-12-09 20:03:04,255 INFO org.eclipse.jetty.server.session [main] DefaultSessionIdManager workerName=node0
2020-12-09 20:03:04,255 INFO org.eclipse.jetty.server.session [main] No SessionScavenger set, using defaults
2020-12-09 20:03:04,256 INFO org.eclipse.jetty.server.session [main] node0 Scavenging every 600000ms
2020-12-09 20:03:04,261 INFO org.eclipse.jetty.server.handler.ContextHandler.application [main] Initializing Spring embedded WebApplicationContext
2020-12-09 20:03:04,317 INFO org.eclipse.jetty.server.handler.ContextHandler [main] Started o.s.b.w.e.j.JettyEmbeddedWebAppContext@236fdf{application,/,[file:///C:/Users/home/AppData/Local/Temp/jetty-docbase.12227111019705483031.8888/, jar:file:/C:/Users/home/.m2/repository/io/springfox/springfox-swagger-ui/2.9.2/springfox-swagger-ui-2.9.2.jar!/META-INF/resources],AVAILABLE}
2020-12-09 20:03:04,318 INFO org.eclipse.jetty.server.Server [main] Started @3496ms
2020-12-09 20:03:04,396 INFO com.zaxxer.hikari.HikariDataSource [main] HikariPool-1 - Starting...
2020-12-09 20:03:04,508 INFO com.zaxxer.hikari.HikariDataSource [main] HikariPool-1 - Start completed.
2020-12-09 20:03:04,742 INFO org.hibernate.jpa.internal.util.LogHelper [main] HHH000204: Processing PersistenceUnitInfo [
	name: default
	...]
2020-12-09 20:03:04,825 INFO org.hibernate.Version [main] HHH000412: Hibernate Core {5.2.17.Final}
2020-12-09 20:03:04,827 INFO org.hibernate.cfg.Environment [main] HHH000206: hibernate.properties not found
2020-12-09 20:03:04,874 INFO org.hibernate.annotations.common.Version [main] HCANN000001: Hibernate Commons Annotations {5.0.1.Final}
2020-12-09 20:03:05,020 INFO org.hibernate.dialect.Dialect [main] HHH000400: Using dialect: org.hibernate.dialect.H2Dialect
2020-12-09 20:03:06,622 INFO springfox.documentation.spring.web.PropertySourcedRequestMappingHandlerMapping [main] Mapped URL path [/v2/api-docs] onto method [public org.springframework.http.ResponseEntity<springfox.documentation.spring.web.json.Json> springfox.documentation.swagger2.web.Swagger2Controller.getDocumentation(java.lang.String,javax.servlet.http.HttpServletRequest)]
2020-12-09 20:03:07,074 INFO springfox.documentation.spring.web.plugins.DocumentationPluginsBootstrapper [main] Context refreshed
2020-12-09 20:03:07,088 INFO springfox.documentation.spring.web.plugins.DocumentationPluginsBootstrapper [main] Found 1 custom documentation plugin(s)
2020-12-09 20:03:07,109 INFO springfox.documentation.spring.web.scanners.ApiListingReferenceScanner [main] Scanning for api listing references
2020-12-09 20:03:07,292 INFO org.eclipse.jetty.server.handler.ContextHandler.application [main] Initializing Spring FrameworkServlet 'dispatcherServlet'
2020-12-09 20:03:07,331 INFO org.eclipse.jetty.server.AbstractConnector [main] Started ServerConnector@95f1422{HTTP/1.1,[http/1.1]}{0.0.0.0:8888}
2020-12-09 20:03:07,341 INFO ru.bellintegrator.practice.PracticeApplication [main] Started PracticeApplication in 5.225 seconds (JVM running for 6.519)
2020-12-09 20:09:36,192 INFO ru.bellintegrator.practice.PracticeApplication [main] Starting PracticeApplication on DESKTOP-LP5B6C7 with PID 7516 (D:\myjavarepository\study\bellintcourse\work\practice\target\classes started by home in D:\myjavarepository\study\bellintcourse\work\practice)
2020-12-09 20:09:36,196 INFO ru.bellintegrator.practice.PracticeApplication [main] No active profile set, falling back to default profiles: default
2020-12-09 20:09:37,895 INFO org.eclipse.jetty.util.log [main] Logging initialized @17476ms to org.eclipse.jetty.util.log.Slf4jLog
2020-12-09 20:09:38,019 INFO org.eclipse.jetty.server.Server [main] jetty-9.4.12.v20180830; built: 2018-08-30T13:59:14.071Z; git: 27208684755d94a92186989f695db2d7b21ebc51; jvm 10.0.2+13
2020-12-09 20:09:38,173 INFO org.eclipse.jetty.server.session [main] DefaultSessionIdManager workerName=node0
2020-12-09 20:09:38,174 INFO org.eclipse.jetty.server.session [main] No SessionScavenger set, using defaults
2020-12-09 20:09:38,175 INFO org.eclipse.jetty.server.session [main] node0 Scavenging every 660000ms
2020-12-09 20:09:38,183 INFO org.eclipse.jetty.server.handler.ContextHandler.application [main] Initializing Spring embedded WebApplicationContext
2020-12-09 20:09:38,261 INFO org.eclipse.jetty.server.handler.ContextHandler [main] Started o.s.b.w.e.j.JettyEmbeddedWebAppContext@78bca0a1{application,/,[file:///C:/Users/home/AppData/Local/Temp/jetty-docbase.10467110997524386545.8888/, jar:file:/C:/Users/home/.m2/repository/io/springfox/springfox-swagger-ui/2.9.2/springfox-swagger-ui-2.9.2.jar!/META-INF/resources],AVAILABLE}
2020-12-09 20:09:38,262 INFO org.eclipse.jetty.server.Server [main] Started @17843ms
2020-12-09 20:09:38,345 INFO com.zaxxer.hikari.HikariDataSource [main] HikariPool-1 - Starting...
2020-12-09 20:09:38,566 INFO com.zaxxer.hikari.HikariDataSource [main] HikariPool-1 - Start completed.
2020-12-09 20:09:38,803 INFO org.hibernate.jpa.internal.util.LogHelper [main] HHH000204: Processing PersistenceUnitInfo [
	name: default
	...]
2020-12-09 20:09:38,897 INFO org.hibernate.Version [main] HHH000412: Hibernate Core {5.2.17.Final}
2020-12-09 20:09:38,899 INFO org.hibernate.cfg.Environment [main] HHH000206: hibernate.properties not found
2020-12-09 20:09:38,916 INFO com.zaxxer.hikari.HikariDataSource [main] HikariPool-1 - Shutdown initiated...
2020-12-09 20:09:38,921 INFO com.zaxxer.hikari.HikariDataSource [main] HikariPool-1 - Shutdown completed.
2020-12-09 20:09:38,926 INFO org.eclipse.jetty.server.session [main] node0 Stopped scavenging
2020-12-09 20:09:38,928 INFO org.eclipse.jetty.server.handler.ContextHandler [main] Stopped o.s.b.w.e.j.JettyEmbeddedWebAppContext@78bca0a1{application,/,[file:///C:/Users/home/AppData/Local/Temp/jetty-docbase.10467110997524386545.8888/, jar:file:/C:/Users/home/.m2/repository/io/springfox/springfox-swagger-ui/2.9.2/springfox-swagger-ui-2.9.2.jar!/META-INF/resources],UNAVAILABLE}
2020-12-09 20:09:38,942 ERROR org.springframework.boot.SpringApplication [main] Application run failed
org.springframework.beans.factory.BeanCreationException: Error creating bean with name 'entityManagerFactory' defined in class path resource [org/springframework/boot/autoconfigure/orm/jpa/HibernateJpaConfiguration.class]: Invocation of init method failed; nested exception is java.lang.NoClassDefFoundError: javax/xml/bind/JAXBException
	at org.springframework.beans.factory.support.AbstractAutowireCapableBeanFactory.initializeBean(AbstractAutowireCapableBeanFactory.java:1694)
	at org.springframework.beans.factory.support.AbstractAutowireCapableBeanFactory.doCreateBean(AbstractAutowireCapableBeanFactory.java:573)
	at org.springframework.beans.factory.support.AbstractAutowireCapableBeanFactory.createBean(AbstractAutowireCapableBeanFactory.java:495)
	at org.springframework.beans.factory.support.AbstractBeanFactory.lambda$doGetBean$0(AbstractBeanFactory.java:317)
	at org.springframework.beans.factory.support.DefaultSingletonBeanRegistry.getSingleton(DefaultSingletonBeanRegistry.java:222)
	at org.springframework.beans.factory.support.AbstractBeanFactory.doGetBean(AbstractBeanFactory.java:315)
	at org.springframework.beans.factory.support.AbstractBeanFactory.getBean(AbstractBeanFactory.java:199)
	at org.springframework.context.support.AbstractApplicationContext.getBean(AbstractApplicationContext.java:1087)
	at org.springframework.context.support.AbstractApplicationContext.finishBeanFactoryInitialization(AbstractApplicationContext.java:857)
	at org.springframework.context.support.AbstractApplicationContext.refresh(AbstractApplicationContext.java:548)
	at org.springframework.boot.web.servlet.context.ServletWebServerApplicationContext.refresh(ServletWebServerApplicationContext.java:140)
	at org.springframework.boot.SpringApplication.refresh(SpringApplication.java:754)
	at org.springframework.boot.SpringApplication.refreshContext(SpringApplication.java:386)
	at org.springframework.boot.SpringApplication.run(SpringApplication.java:307)
	at org.springframework.boot.SpringApplication.run(SpringApplication.java:1242)
	at org.springframework.boot.SpringApplication.run(SpringApplication.java:1230)
	at ru.bellintegrator.practice.PracticeApplication.main(PracticeApplication.java:24)
	at java.base/jdk.internal.reflect.NativeMethodAccessorImpl.invoke0(Native Method)
	at java.base/jdk.internal.reflect.NativeMethodAccessorImpl.invoke(NativeMethodAccessorImpl.java:62)
	at java.base/jdk.internal.reflect.DelegatingMethodAccessorImpl.invoke(DelegatingMethodAccessorImpl.java:43)
	at java.base/java.lang.reflect.Method.invoke(Method.java:564)
	at org.springframework.boot.maven.AbstractRunMojo$LaunchRunner.run(AbstractRunMojo.java:497)
	at java.base/java.lang.Thread.run(Thread.java:844)
Caused by: java.lang.NoClassDefFoundError: javax/xml/bind/JAXBException
	at org.hibernate.boot.spi.XmlMappingBinderAccess.<init>(XmlMappingBinderAccess.java:43)
	at org.hibernate.boot.MetadataSources.<init>(MetadataSources.java:87)
	at org.hibernate.jpa.boot.internal.EntityManagerFactoryBuilderImpl.<init>(EntityManagerFactoryBuilderImpl.java:209)
	at org.hibernate.jpa.boot.internal.EntityManagerFactoryBuilderImpl.<init>(EntityManagerFactoryBuilderImpl.java:164)
	at org.springframework.orm.jpa.vendor.SpringHibernateJpaPersistenceProvider.createContainerEntityManagerFactory(SpringHibernateJpaPersistenceProvider.java:51)
	at org.springframework.orm.jpa.LocalContainerEntityManagerFactoryBean.createNativeEntityManagerFactory(LocalContainerEntityManagerFactoryBean.java:365)
	at org.springframework.orm.jpa.AbstractEntityManagerFactoryBean.buildNativeEntityManagerFactory(AbstractEntityManagerFactoryBean.java:390)
	at org.springframework.orm.jpa.AbstractEntityManagerFactoryBean.afterPropertiesSet(AbstractEntityManagerFactoryBean.java:377)
	at org.springframework.orm.jpa.LocalContainerEntityManagerFactoryBean.afterPropertiesSet(LocalContainerEntityManagerFactoryBean.java:341)
	at org.springframework.beans.factory.support.AbstractAutowireCapableBeanFactory.invokeInitMethods(AbstractAutowireCapableBeanFactory.java:1753)
	at org.springframework.beans.factory.support.AbstractAutowireCapableBeanFactory.initializeBean(AbstractAutowireCapableBeanFactory.java:1690)
	... 22 common frames omitted
Caused by: java.lang.ClassNotFoundException: javax.xml.bind.JAXBException
	at java.base/java.net.URLClassLoader.findClass(URLClassLoader.java:466)
	at java.base/java.lang.ClassLoader.loadClass(ClassLoader.java:566)
	at java.base/java.lang.ClassLoader.loadClass(ClassLoader.java:499)
	... 33 common frames omitted
2020-12-09 20:23:39,380 INFO ru.bellintegrator.practice.PracticeApplication [main] Starting PracticeApplication on DESKTOP-LP5B6C7 with PID 11804 (D:\myjavarepository\study\bellintcourse\work\practice\target\classes started by home in D:\myjavarepository\study\bellintcourse\work\practice)
2020-12-09 20:23:39,383 INFO ru.bellintegrator.practice.PracticeApplication [main] No active profile set, falling back to default profiles: default
2020-12-09 20:23:40,827 INFO org.eclipse.jetty.util.log [main] Logging initialized @2964ms to org.eclipse.jetty.util.log.Slf4jLog
2020-12-09 20:23:40,935 INFO org.eclipse.jetty.server.Server [main] jetty-9.4.12.v20180830; built: 2018-08-30T13:59:14.071Z; git: 27208684755d94a92186989f695db2d7b21ebc51; jvm 10.0.2+13
2020-12-09 20:23:41,007 INFO org.eclipse.jetty.server.session [main] DefaultSessionIdManager workerName=node0
2020-12-09 20:23:41,007 INFO org.eclipse.jetty.server.session [main] No SessionScavenger set, using defaults
2020-12-09 20:23:41,017 INFO org.eclipse.jetty.server.session [main] node0 Scavenging every 600000ms
2020-12-09 20:23:41,022 INFO org.eclipse.jetty.server.handler.ContextHandler.application [main] Initializing Spring embedded WebApplicationContext
2020-12-09 20:23:41,070 INFO org.eclipse.jetty.server.handler.ContextHandler [main] Started o.s.b.w.e.j.JettyEmbeddedWebAppContext@285005b8{application,/,[file:///C:/Users/home/AppData/Local/Temp/jetty-docbase.9421689865630164621.8888/, jar:file:/C:/Users/home/.m2/repository/io/springfox/springfox-swagger-ui/2.9.2/springfox-swagger-ui-2.9.2.jar!/META-INF/resources],AVAILABLE}
2020-12-09 20:23:41,071 INFO org.eclipse.jetty.server.Server [main] Started @3209ms
2020-12-09 20:23:41,110 INFO com.zaxxer.hikari.HikariDataSource [main] HikariPool-1 - Starting...
2020-12-09 20:23:41,177 INFO com.zaxxer.hikari.HikariDataSource [main] HikariPool-1 - Start completed.
2020-12-09 20:23:41,436 INFO org.hibernate.jpa.internal.util.LogHelper [main] HHH000204: Processing PersistenceUnitInfo [
	name: default
	...]
2020-12-09 20:23:41,486 INFO org.hibernate.Version [main] HHH000412: Hibernate Core {5.2.17.Final}
2020-12-09 20:23:41,487 INFO org.hibernate.cfg.Environment [main] HHH000206: hibernate.properties not found
2020-12-09 20:23:41,516 INFO org.hibernate.annotations.common.Version [main] HCANN000001: Hibernate Commons Annotations {5.0.1.Final}
2020-12-09 20:23:41,633 INFO org.hibernate.dialect.Dialect [main] HHH000400: Using dialect: org.hibernate.dialect.H2Dialect
2020-12-09 20:23:42,784 INFO springfox.documentation.spring.web.PropertySourcedRequestMappingHandlerMapping [main] Mapped URL path [/v2/api-docs] onto method [public org.springframework.http.ResponseEntity<springfox.documentation.spring.web.json.Json> springfox.documentation.swagger2.web.Swagger2Controller.getDocumentation(java.lang.String,javax.servlet.http.HttpServletRequest)]
2020-12-09 20:23:43,222 INFO springfox.documentation.spring.web.plugins.DocumentationPluginsBootstrapper [main] Context refreshed
2020-12-09 20:23:43,236 INFO springfox.documentation.spring.web.plugins.DocumentationPluginsBootstrapper [main] Found 1 custom documentation plugin(s)
2020-12-09 20:23:43,254 INFO springfox.documentation.spring.web.scanners.ApiListingReferenceScanner [main] Scanning for api listing references
2020-12-09 20:23:43,475 INFO org.eclipse.jetty.server.handler.ContextHandler.application [main] Initializing Spring FrameworkServlet 'dispatcherServlet'
2020-12-09 20:23:43,525 INFO org.eclipse.jetty.server.AbstractConnector [main] Started ServerConnector@21948bd1{HTTP/1.1,[http/1.1]}{0.0.0.0:8888}
2020-12-09 20:23:43,536 INFO ru.bellintegrator.practice.PracticeApplication [main] Started PracticeApplication in 4.483 seconds (JVM running for 5.673)
2020-12-09 21:23:32,318 INFO org.hibernate.hql.internal.QueryTranslatorFactoryInitiator [qtp947437179-30] HHH000397: Using ASTQueryTranslatorFactory
2020-12-09 21:26:58,459 ERROR ru.bellintegrator.practice.utils.AppExceptionHandler [qtp947437179-53] Ошибка 2999: Validation failed for argument at index 0 in method: public java.util.List<ru.bellintegrator.practice.view.organization.OrganizationFilterViewOut> ru.bellintegrator.practice.controller.organization.OrganizationController.getOrganizationsByFilter(ru.bellintegrator.practice.view.organization.OrganizationFilterViewIn), with 1 error(s): [Field error in object 'organizationFilterViewIn' on field 'name': rejected value []; codes [NotEmpty.organizationFilterViewIn.name,NotEmpty.name,NotEmpty]; arguments [org.springframework.context.support.DefaultMessageSourceResolvable: codes [organizationFilterViewIn.name,name]; arguments []; default message [name]]; default message [name cannot be null]] 
2020-12-09 21:29:05,437 INFO ru.bellintegrator.practice.PracticeApplication [main] Starting PracticeApplication on DESKTOP-LP5B6C7 with PID 18132 (D:\myjavarepository\study\bellintcourse\work\practice\target\classes started by home in D:\myjavarepository\study\bellintcourse\work\practice)
2020-12-09 21:29:05,442 INFO ru.bellintegrator.practice.PracticeApplication [main] No active profile set, falling back to default profiles: default
2020-12-09 21:29:06,931 INFO org.eclipse.jetty.util.log [main] Logging initialized @4270ms to org.eclipse.jetty.util.log.Slf4jLog
2020-12-09 21:29:07,009 INFO org.eclipse.jetty.server.Server [main] jetty-9.4.12.v20180830; built: 2018-08-30T13:59:14.071Z; git: 27208684755d94a92186989f695db2d7b21ebc51; jvm 10.0.2+13
2020-12-09 21:29:07,183 INFO org.eclipse.jetty.server.session [main] DefaultSessionIdManager workerName=node0
2020-12-09 21:29:07,183 INFO org.eclipse.jetty.server.session [main] No SessionScavenger set, using defaults
2020-12-09 21:29:07,184 INFO org.eclipse.jetty.server.session [main] node0 Scavenging every 660000ms
2020-12-09 21:29:07,193 INFO org.eclipse.jetty.server.handler.ContextHandler.application [main] Initializing Spring embedded WebApplicationContext
2020-12-09 21:29:07,269 INFO org.eclipse.jetty.server.handler.ContextHandler [main] Started o.s.b.w.e.j.JettyEmbeddedWebAppContext@2180e789{application,/,[file:///C:/Users/home/AppData/Local/Temp/jetty-docbase.1046401462168368131.8888/, jar:file:/C:/Users/home/.m2/repository/io/springfox/springfox-swagger-ui/2.9.2/springfox-swagger-ui-2.9.2.jar!/META-INF/resources],AVAILABLE}
2020-12-09 21:29:07,269 INFO org.eclipse.jetty.server.Server [main] Started @4609ms
2020-12-09 21:29:07,309 INFO com.zaxxer.hikari.HikariDataSource [main] HikariPool-1 - Starting...
2020-12-09 21:29:07,571 INFO com.zaxxer.hikari.HikariDataSource [main] HikariPool-1 - Start completed.
2020-12-09 21:29:07,945 INFO org.hibernate.jpa.internal.util.LogHelper [main] HHH000204: Processing PersistenceUnitInfo [
	name: default
	...]
2020-12-09 21:29:08,114 INFO org.hibernate.Version [main] HHH000412: Hibernate Core {5.2.17.Final}
2020-12-09 21:29:08,124 INFO org.hibernate.cfg.Environment [main] HHH000206: hibernate.properties not found
2020-12-09 21:29:08,193 INFO org.hibernate.annotations.common.Version [main] HCANN000001: Hibernate Commons Annotations {5.0.1.Final}
2020-12-09 21:29:08,341 INFO org.hibernate.dialect.Dialect [main] HHH000400: Using dialect: org.hibernate.dialect.H2Dialect
2020-12-09 21:29:09,823 INFO springfox.documentation.spring.web.PropertySourcedRequestMappingHandlerMapping [main] Mapped URL path [/v2/api-docs] onto method [public org.springframework.http.ResponseEntity<springfox.documentation.spring.web.json.Json> springfox.documentation.swagger2.web.Swagger2Controller.getDocumentation(java.lang.String,javax.servlet.http.HttpServletRequest)]
2020-12-09 21:29:10,220 INFO springfox.documentation.spring.web.plugins.DocumentationPluginsBootstrapper [main] Context refreshed
2020-12-09 21:29:10,236 INFO springfox.documentation.spring.web.plugins.DocumentationPluginsBootstrapper [main] Found 1 custom documentation plugin(s)
2020-12-09 21:29:10,256 INFO springfox.documentation.spring.web.scanners.ApiListingReferenceScanner [main] Scanning for api listing references
2020-12-09 21:29:10,431 INFO org.eclipse.jetty.server.handler.ContextHandler.application [main] Initializing Spring FrameworkServlet 'dispatcherServlet'
2020-12-09 21:29:10,458 INFO org.eclipse.jetty.server.AbstractConnector [main] Started ServerConnector@278150a1{HTTP/1.1,[http/1.1]}{0.0.0.0:8888}
2020-12-09 21:29:10,464 INFO ru.bellintegrator.practice.PracticeApplication [main] Started PracticeApplication in 5.425 seconds (JVM running for 7.804)
2020-12-09 21:29:19,203 ERROR ru.bellintegrator.practice.utils.AppExceptionHandler [qtp1165023158-31] Ошибка 2973: Validation failed for argument at index 0 in method: public java.util.List<ru.bellintegrator.practice.view.organization.OrganizationFilterViewOut> ru.bellintegrator.practice.controller.organization.OrganizationController.getOrganizationsByFilter(ru.bellintegrator.practice.view.organization.OrganizationFilterViewIn), with 1 error(s): [Field error in object 'organizationFilterViewIn' on field 'name': rejected value []; codes [NotEmpty.organizationFilterViewIn.name,NotEmpty.name,NotEmpty]; arguments [org.springframework.context.support.DefaultMessageSourceResolvable: codes [organizationFilterViewIn.name,name]; arguments []; default message [name]]; default message [name cannot be null]] 
